#! /usr/bin/vvp
:ivl_version "10.1 (stable)";
:ivl_delay_selection "TYPICAL";
:vpi_time_precision + 0;
:vpi_module "system";
:vpi_module "vhdl_sys";
:vpi_module "v2005_math";
:vpi_module "va_math";
S_0x55860f518f10 .scope module, "fetch_tb" "fetch_tb" 2 19;
 .timescale 0 0;
v0x55860f5397c0_0 .var "pc_input", 3 0;
v0x55860f5398a0_0 .net "pc_output", 31 0, v0x55860f5393a0_0;  1 drivers
o0x7f0283db8078 .functor BUFZ 1, C4<z>; HiZ drive
v0x55860f539970_0 .net "stage1", 0 0, o0x7f0283db8078;  0 drivers
v0x55860f539a70_0 .var "stage5", 0 0;
v0x55860f539b40_0 .var "start", 0 0;
S_0x55860f519090 .scope module, "uut" "fetch" 2 26, 2 2 0, S_0x55860f518f10;
 .timescale 0 0;
    .port_info 0 /INPUT 4 "pc_input"
    .port_info 1 /INPUT 1 "start"
    .port_info 2 /INPUT 1 "stage5"
    .port_info 3 /OUTPUT 32 "pc_output"
    .port_info 4 /OUTPUT 1 "stage1"
v0x55860f5192e0 .array "instruction", 0 7, 31 0;
v0x55860f519380_0 .net "pc_input", 3 0, v0x55860f5397c0_0;  1 drivers
v0x55860f5393a0_0 .var "pc_output", 31 0;
v0x55860f539490_0 .net "stage1", 0 0, o0x7f0283db8078;  alias, 0 drivers
v0x55860f539550_0 .net "stage5", 0 0, v0x55860f539a70_0;  1 drivers
v0x55860f539660_0 .net "start", 0 0, v0x55860f539b40_0;  1 drivers
E_0x55860f4deda0 .event posedge, v0x55860f539550_0, v0x55860f539660_0;
    .scope S_0x55860f519090;
T_0 ;
    %wait E_0x55860f4deda0;
    %vpi_call 2 13 "$readmemb", "fact.dat", v0x55860f5192e0 {0 0 0};
    %load/vec4 v0x55860f519380_0;
    %pad/u 5;
    %ix/vec4 4;
    %load/vec4a v0x55860f5192e0, 4;
    %store/vec4 v0x55860f5393a0_0, 0, 32;
    %vpi_call 2 15 "$display", "Memory [%0d] = %b", v0x55860f519380_0, v0x55860f5393a0_0 {0 0 0};
    %jmp T_0;
    .thread T_0;
    .scope S_0x55860f518f10;
T_1 ;
    %pushi/vec4 1, 0, 4;
    %store/vec4 v0x55860f5397c0_0, 0, 4;
    %pushi/vec4 1, 0, 1;
    %store/vec4 v0x55860f539b40_0, 0, 1;
    %pushi/vec4 0, 0, 1;
    %store/vec4 v0x55860f539a70_0, 0, 1;
    %end;
    .thread T_1;
# The file index is used to find the file name in the following table.
:file_names 3;
    "N/A";
    "<interactive>";
    "fetch.v";
